\BOOKMARK [1][-]{section.1}{\376\377\000L\000a\000n\000g\000u\000a\000g\000e\000s}{}% 1
\BOOKMARK [2][-]{subsection.1.1}{\376\377\000A\000l\000p\000h\000a\000b\000e\000t}{section.1}% 2
\BOOKMARK [2][-]{subsection.1.2}{\376\377\000D\000e\000t\000e\000r\000m\000i\000n\000i\000s\000t\000i\000c\000\040\000F\000i\000n\000a\000l\000\040\000S\000t\000a\000t\000e\000\040\000A\000u\000t\000o\000m\000a\000t\000a}{section.1}% 3
\BOOKMARK [2][-]{subsection.1.3}{\376\377\000L\000a\000n\000g\000u\000a\000g\000e\000s}{section.1}% 4
\BOOKMARK [2][-]{subsection.1.4}{\376\377\000O\000p\000e\000r\000a\000t\000i\000o\000n\000s\000\040\000o\000n\000\040\000R\000e\000g\000u\000l\000a\000r\000\040\000L\000a\000n\000g\000u\000a\000g\000e\000s}{section.1}% 5
\BOOKMARK [2][-]{subsection.1.5}{\376\377\000N\000o\000n\000-\000D\000e\000t\000e\000r\000m\000i\000n\000i\000s\000t\000i\000c\000\040\000F\000i\000n\000i\000t\000e\000\040\000A\000u\000t\000o\000m\000a\000t\000a\000\040\000\050\000N\000F\000A\000\051}{section.1}% 6
\BOOKMARK [1][-]{section.2}{\376\377\000R\000e\000g\000u\000l\000a\000r\000\040\000E\000x\000p\000r\000e\000s\000s\000i\000o\000n\000s}{}% 7
\BOOKMARK [2][-]{subsection.2.1}{\376\377\000D\000e\000f\000i\000n\000i\000t\000i\000o\000n}{section.2}% 8
\BOOKMARK [2][-]{subsection.2.2}{\376\377\000C\000o\000n\000v\000e\000r\000s\000i\000o\000n\000\040\000t\000o\000\040\000N\000F\000A}{section.2}% 9
\BOOKMARK [1][-]{section.3}{\376\377\000P\000r\000o\000v\000i\000n\000g\000\040\000R\000e\000g\000u\000l\000a\000r\000i\000t\000y}{}% 10
\BOOKMARK [2][-]{subsection.3.1}{\376\377\000M\000y\000h\000i\000l\000l\000-\000N\000e\000r\000o\000d\000e}{section.3}% 11
\BOOKMARK [2][-]{subsection.3.2}{\376\377\000P\000u\000m\000p\000i\000n\000g\000\040\000L\000e\000m\000m\000a}{section.3}% 12
\BOOKMARK [1][-]{section.4}{\376\377\000G\000r\000a\000m\000m\000a\000r\000s}{}% 13
\BOOKMARK [2][-]{subsection.4.1}{\376\377\000D\000e\000f\000i\000n\000i\000t\000i\000o\000n}{section.4}% 14
\BOOKMARK [2][-]{subsection.4.2}{\376\377\000G\000r\000a\000m\000m\000a\000r\000s\000\040\000a\000n\000d\000\040\000D\000F\000A\000s}{section.4}% 15
\BOOKMARK [1][-]{section.5}{\376\377\000P\000u\000s\000h\000\040\000D\000o\000w\000n\000\040\000A\000u\000t\000o\000m\000a\000t\000o\000n}{}% 16
\BOOKMARK [2][-]{subsection.5.1}{\376\377\000C\000F\000G\000\040\000t\000o\000\040\000P\000D\000A}{section.5}% 17
\BOOKMARK [2][-]{subsection.5.2}{\376\377\000P\000D\000A\000\040\000t\000o\000\040\000C\000F\000G}{section.5}% 18
\BOOKMARK [2][-]{subsection.5.3}{\376\377\000S\000t\000r\000i\000n\000g\000\040\000i\000n\000\040\000G\000r\000a\000m\000m\000a\000r}{section.5}% 19
\BOOKMARK [2][-]{subsection.5.4}{\376\377\000P\000u\000m\000p\000i\000n\000g\000\040\000L\000e\000m\000m\000a\000\040\000f\000o\000r\000\040\000C\000F\000L}{section.5}% 20
\BOOKMARK [1][-]{section.6}{\376\377\000T\000u\000r\000i\000n\000g\000\040\000M\000a\000c\000h\000i\000n\000e\000s}{}% 21
\BOOKMARK [2][-]{subsection.6.1}{\376\377\000D\000e\000f\000i\000n\000i\000t\000i\000o\000n}{section.6}% 22
\BOOKMARK [2][-]{subsection.6.2}{\376\377\000D\000e\000c\000i\000d\000a\000b\000i\000l\000i\000t\000y}{section.6}% 23
\BOOKMARK [1][-]{section.7}{\376\377\000R\000e\000v\000i\000s\000i\000o\000n}{}% 24
